Apache Camel 3.0.0 (CamelContext: camel-1) is starting
JMX is disabled
StreamCaching is not in use. If using streams then its recommended to enable stream caching. See more details at http://camel.apache.org/stream-caching.html
Route: route1 started and consuming from: direct://start
Total 1 routes, of which 1 are started
Apache Camel 3.0.0 (CamelContext: camel-1) started in 1.060 seconds
Exchange[ExchangePattern: InOnly, BodyType: String, Body: 0 : Hello : msgCode-100 : 10min : ProcessNAme : step2]
Successfully connected to tcp://localhost:61616
1 : MId1 : Key Namr : ket Value : BidName : BSetValues
This message is generated from toString() method. ApplicationNAme : 1.0 : 101 : Operation Name : serviceName : 2.0
Successfully connected to tcp://localhost:61616
Endpoint seda://end is using shared queue: seda://end with size: 1000
Apache Camel 3.0.0 (CamelContext: camel-1) is starting
JMX is disabled
StreamCaching is not in use. If using streams then its recommended to enable stream caching. See more details at http://camel.apache.org/stream-caching.html
Endpoint seda://end is using shared queue: seda://end with size: 1000
Route: route1 started and consuming from: direct://start
Successfully connected to tcp://localhost:61616
Route: route2 started and consuming from: jms://tranqueue
Total 2 routes, of which 2 are started
Apache Camel 3.0.0 (CamelContext: camel-1) started in 1.392 seconds
Exchange[ExchangePattern: InOnly, BodyType: String, Body: 0 : Hello : msgCode-100 : 10min : ProcessNAme : step2]
Successfully connected to tcp://localhost:61616
1 : MId1 : Key Namr : ket Value : BidName : BSetValues
This message is generated from toString() method. ApplicationNAme : 1.0 : 101 : Operation Name : serviceName : 2.0
Successfully connected to tcp://localhost:61616
